Using pre-set license
Built from '2021.1/release' branch; Version is '2021.1.4f1 (4cd64a618c1b) revision 5035594'; Using compiler version '192528614'; Build Type 'Release'
OS: 'Windows 10 Home Single Language; OS build 18363.592; Version 1909; 64bit' Language: 'ru' Physical Memory: 6018 MB
BatchMode: 1, IsHumanControllingUs: 0, StartBugReporterOnCrash: 0, Is64bit: 1, IsPro: 0

 COMMAND LINE ARGUMENTS:
C:\Program Files\Unity\Hub\Editor\2021.1.4f1\Editor\Unity.exe
-adb2
-batchMode
-noUpm
-name
AssetImportWorker1
-projectPath
E:/Ludum/Project Amogus
-logFile
Logs/AssetImportWorker1.log
-srvPort
53544
Successfully changed project path to: E:/Ludum/Project Amogus
E:/Ludum/Project Amogus
Using Asset Import Pipeline V2.
Refreshing native plugins compatible for Editor in 309.32 ms, found 1 plugins.
Preloading 0 native plugins for Editor in 0.00 ms.
Initialize engine version: 2021.1.4f1 (4cd64a618c1b)
[Subsystems] Discovering subsystems at path C:/Program Files/Unity/Hub/Editor/2021.1.4f1/Editor/Data/Resources/UnitySubsystems
[Subsystems] Discovering subsystems at path E:/Ludum/Project Amogus/Assets
GfxDevice: creating device client; threaded=0; jobified=0
Direct3D:
    Version:  Direct3D 11.0 [level 11.0]
    Renderer: NVIDIA GeForce 940MX (ID=0x134d)
    Vendor:   NVIDIA
    VRAM:     2010 MB
    Driver:   26.21.14.4587
Invalid texture used for cursor - check importer settings or texture creation. Texture must be RGBA32, readable, have alphaIsTransparency enabled and have no mip chain.

Failed to set the cursor because the specified texture ('icons8-frog-face-100') was not CPU accessible.

Shader 'Universal Render Pipeline/Particles/Lit': fallback shader 'Universal Render Pipeline/Particles/SimpleLit' not found
Initialize mono
Mono path[0] = 'C:/Program Files/Unity/Hub/Editor/2021.1.4f1/Editor/Data/Managed'
Mono path[1] = 'C:/Program Files/Unity/Hub/Editor/2021.1.4f1/Editor/Data/MonoBleedingEdge/lib/mono/unityjit'
Mono config path = 'C:/Program Files/Unity/Hub/Editor/2021.1.4f1/Editor/Data/MonoBleedingEdge/etc'
Using monoOptions --debugger-agent=transport=dt_socket,embedding=1,server=y,suspend=n,address=127.0.0.1:56196
Begin MonoManager ReloadAssembly
Registering precompiled unity dll's ...
Register platform support module: C:/Program Files/Unity/Hub/Editor/2021.1.4f1/Editor/Data/PlaybackEngines/WebGLSupport/UnityEditor.WebGL.Extensions.dll
Register platform support module: C:/Program Files/Unity/Hub/Editor/2021.1.4f1/Editor/Data/PlaybackEngines/WindowsStandaloneSupport/UnityEditor.WindowsStandalone.Extensions.dll
Registered in 0.014803 seconds.
Native extension for WindowsStandalone target not found
Native extension for WebGL target not found
Refreshing native plugins compatible for Editor in 314.13 ms, found 1 plugins.
Preloading 0 native plugins for Editor in 0.00 ms.
Mono: successfully reloaded assembly
- Completed reload, in  4.300 seconds
Platform modules already initialized, skipping
Registering precompiled user dll's ...
Registered in 0.006591 seconds.
Begin MonoManager ReloadAssembly
Native extension for WindowsStandalone target not found
Native extension for WebGL target not found
Refreshing native plugins compatible for Editor in 257.46 ms, found 1 plugins.
Preloading 0 native plugins for Editor in 0.00 ms.
Mono: successfully reloaded assembly
- Completed reload, in  3.615 seconds
Platform modules already initialized, skipping
========================================================================
Worker process is ready to serve import requests
Shader 'Universal Render Pipeline/Particles/Lit': fallback shader 'Universal Render Pipeline/Particles/SimpleLit' not found
Launched and connected shader compiler UnityShaderCompiler.exe after 0.13 seconds
Refreshing native plugins compatible for Editor in 1.72 ms, found 1 plugins.
Preloading 0 native plugins for Editor in 0.00 ms.
Unloading 4536 Unused Serialized files (Serialized files now loaded: 0)
System memory in use before: 178.1 MB.
System memory in use after: 178.3 MB.

Unloading 14 unused Assets to reduce memory usage. Loaded Objects now: 4994.
Total: 6.370700 ms (FindLiveObjects: 0.798400 ms CreateObjectMapping: 0.467200 ms MarkObjects: 4.888400 ms  DeleteObjects: 0.214200 ms)

========================================================================
Received Import Request.
  path: Assets/Custom/Scene/StartScene.unity
  artifactKey: Guid(cead6c1395f05794293c01319b499884) Importer(815301076,1909f56bfc062723c751e8b465ee728b)
Start importing Assets/Custom/Scene/StartScene.unity using Guid(cead6c1395f05794293c01319b499884) Importer(815301076,1909f56bfc062723c751e8b465ee728b)  -> (artifact id: 'ebd0afdb7658b82f019342548e2fbbd8') in 0.029251 seconds 
========================================================================
Received Import Request.
  Time since last request: 0.006735 seconds.
  path: Assets/Scenes
  artifactKey: Guid(e0316669173266049b12ef6fa6be4aa7) Importer(815301076,1909f56bfc062723c751e8b465ee728b)
Start importing Assets/Scenes using Guid(e0316669173266049b12ef6fa6be4aa7) Importer(815301076,1909f56bfc062723c751e8b465ee728b)  -> (artifact id: '6236ae02d97a6ca7b0c8665c30329a24') in 0.027608 seconds 
========================================================================
Received Prepare
Registering precompiled user dll's ...
Registered in 0.006686 seconds.
Begin MonoManager ReloadAssembly
Native extension for WindowsStandalone target not found
Native extension for WebGL target not found
Refreshing native plugins compatible for Editor in 1.37 ms, found 1 plugins.
Preloading 0 native plugins for Editor in 0.00 ms.
Mono: successfully reloaded assembly
- Completed reload, in  2.397 seconds
Platform modules already initialized, skipping
Shader 'Universal Render Pipeline/Particles/Lit': fallback shader 'Universal Render Pipeline/Particles/SimpleLit' not found
Refreshing native plugins compatible for Editor in 3.29 ms, found 1 plugins.
Preloading 0 native plugins for Editor in 0.00 ms.
Unloading 4416 Unused Serialized files (Serialized files now loaded: 0)
System memory in use before: 169.9 MB.
System memory in use after: 170.2 MB.

Unloading 9 unused Assets to reduce memory usage. Loaded Objects now: 4997.
Total: 8.613300 ms (FindLiveObjects: 0.841200 ms CreateObjectMapping: 0.798600 ms MarkObjects: 6.684400 ms  DeleteObjects: 0.285400 ms)

========================================================================
Received Import Request.
  Time since last request: 164.193379 seconds.
  path: Assets/Custom/Ilya's Assets/icons8-frog-face-100.png
  artifactKey: Guid(c95ccfb703b29f0469cdfc3e9c0a0013) Importer(815301076,1909f56bfc062723c751e8b465ee728b)
Start importing Assets/Custom/Ilya's Assets/icons8-frog-face-100.png using Guid(c95ccfb703b29f0469cdfc3e9c0a0013) Importer(815301076,1909f56bfc062723c751e8b465ee728b)  -> (artifact id: 'b53f85d50f6f5900a915db014f37bf26') in 0.389292 seconds 
========================================================================
Received Prepare
Registering precompiled user dll's ...
Registered in 0.005653 seconds.
Begin MonoManager ReloadAssembly
Native extension for WindowsStandalone target not found
Native extension for WebGL target not found
Refreshing native plugins compatible for Editor in 1.32 ms, found 1 plugins.
Preloading 0 native plugins for Editor in 0.00 ms.
Mono: successfully reloaded assembly
- Completed reload, in  2.341 seconds
Platform modules already initialized, skipping
Shader 'Universal Render Pipeline/Particles/Lit': fallback shader 'Universal Render Pipeline/Particles/SimpleLit' not found
Refreshing native plugins compatible for Editor in 1.10 ms, found 1 plugins.
Preloading 0 native plugins for Editor in 0.00 ms.
Unloading 4416 Unused Serialized files (Serialized files now loaded: 0)
System memory in use before: 170.4 MB.
System memory in use after: 170.7 MB.

Unloading 9 unused Assets to reduce memory usage. Loaded Objects now: 5016.
Total: 7.998300 ms (FindLiveObjects: 0.621600 ms CreateObjectMapping: 0.534000 ms MarkObjects: 6.702100 ms  DeleteObjects: 0.137300 ms)

========================================================================
Received Prepare
Shader 'Universal Render Pipeline/Particles/Lit': fallback shader 'Universal Render Pipeline/Particles/SimpleLit' not found
Refreshing native plugins compatible for Editor in 2.69 ms, found 1 plugins.
Preloading 0 native plugins for Editor in 0.00 ms.
Unloading 7 Unused Serialized files (Serialized files now loaded: 0)
System memory in use before: 83.1 MB.
System memory in use after: 83.4 MB.

Unloading 7 unused Assets to reduce memory usage. Loaded Objects now: 5016.
Total: 4.450400 ms (FindLiveObjects: 0.540900 ms CreateObjectMapping: 0.421400 ms MarkObjects: 3.460800 ms  DeleteObjects: 0.025600 ms)

========================================================================
Received Prepare
Registering precompiled user dll's ...
Registered in 0.004499 seconds.
Begin MonoManager ReloadAssembly
Native extension for WindowsStandalone target not found
Native extension for WebGL target not found
Refreshing native plugins compatible for Editor in 1.01 ms, found 1 plugins.
Preloading 0 native plugins for Editor in 0.00 ms.
Mono: successfully reloaded assembly
- Completed reload, in  2.267 seconds
Platform modules already initialized, skipping
Shader 'Universal Render Pipeline/Particles/Lit': fallback shader 'Universal Render Pipeline/Particles/SimpleLit' not found
Refreshing native plugins compatible for Editor in 1.26 ms, found 1 plugins.
Preloading 0 native plugins for Editor in 0.00 ms.
Unloading 4416 Unused Serialized files (Serialized files now loaded: 0)
System memory in use before: 166.8 MB.
System memory in use after: 167.1 MB.

Unloading 9 unused Assets to reduce memory usage. Loaded Objects now: 5019.
Total: 8.705100 ms (FindLiveObjects: 0.528200 ms CreateObjectMapping: 0.492000 ms MarkObjects: 7.652200 ms  DeleteObjects: 0.030800 ms)

========================================================================
Received Prepare
Shader 'Universal Render Pipeline/Particles/Lit': fallback shader 'Universal Render Pipeline/Particles/SimpleLit' not found
Refreshing native plugins compatible for Editor in 3.07 ms, found 1 plugins.
Preloading 0 native plugins for Editor in 0.00 ms.
Unloading 7 Unused Serialized files (Serialized files now loaded: 0)
System memory in use before: 79.5 MB.
System memory in use after: 79.8 MB.

Unloading 7 unused Assets to reduce memory usage. Loaded Objects now: 5019.
Total: 4.345800 ms (FindLiveObjects: 0.464600 ms CreateObjectMapping: 0.432300 ms MarkObjects: 3.422300 ms  DeleteObjects: 0.024900 ms)

========================================================================
Received Prepare
Shader 'Universal Render Pipeline/Particles/Lit': fallback shader 'Universal Render Pipeline/Particles/SimpleLit' not found
Refreshing native plugins compatible for Editor in 3.30 ms, found 1 plugins.
Preloading 0 native plugins for Editor in 0.00 ms.
Unloading 7 Unused Serialized files (Serialized files now loaded: 0)
System memory in use before: 79.5 MB.
System memory in use after: 79.8 MB.

Unloading 7 unused Assets to reduce memory usage. Loaded Objects now: 5019.
Total: 6.552400 ms (FindLiveObjects: 0.589500 ms CreateObjectMapping: 0.519000 ms MarkObjects: 5.401600 ms  DeleteObjects: 0.040400 ms)

========================================================================
Received Import Request.
  Time since last request: 2153.779022 seconds.
  path: Assets/Custom/Ilya's Assets/icons8-frog-face-100.png
  artifactKey: Guid(c95ccfb703b29f0469cdfc3e9c0a0013) Importer(815301076,1909f56bfc062723c751e8b465ee728b)
Start importing Assets/Custom/Ilya's Assets/icons8-frog-face-100.png using Guid(c95ccfb703b29f0469cdfc3e9c0a0013) Importer(815301076,1909f56bfc062723c751e8b465ee728b)  -> (artifact id: '4c4ebf90a8fc6496b80495eeb6229f00') in 0.747799 seconds 
========================================================================
Received Import Request.
  Time since last request: 0.000333 seconds.
  path: Assets/Custom/Ilya's Assets/spear.fbx
  artifactKey: Guid(373240950b764b044a1debcdc3f2d5c3) Importer(815301076,1909f56bfc062723c751e8b465ee728b)
Start importing Assets/Custom/Ilya's Assets/spear.fbx using Guid(373240950b764b044a1debcdc3f2d5c3) Importer(815301076,1909f56bfc062723c751e8b465ee728b)  -> (artifact id: '740b4e1a39ed16ef75a00b1a85974cc8') in 3.394896 seconds 
AssetImportWorkerClient::OnTransportError - code=2 error=End of file
